<?xml version="1.0" encoding="UTF-8"?>
<!-- Generated by org.testng.reporters.JUnitXMLReporter -->
<testsuite hostname="DESKTOP-DAIMJNK" ignored="0" name="用户管理系统测试用例" tests="7" failures="0" timestamp="07 九月 2020 15:40:10 GMT" time="10.134" errors="0">
  <testcase name="LoginTrue" time="1.149" classname="com.course.cases.LoginTest"/>
  <testcase name="LoginFalse" time="0.041" classname="com.course.cases.LoginTest"/>
  <testcase name="addUser" time="2.639" classname="com.course.cases.AddUserTest"/>
  <testcase name="getUserInfo" time="2.074" classname="com.course.cases.GetUserInfoTest"/>
  <testcase name="updateUserInfo" time="2.09" classname="com.course.cases.UpdateUserInfoTest"/>
  <testcase name="deleteUser" time="2.033" classname="com.course.cases.UpdateUserInfoTest"/>
  <testcase name="getUserListInfo" time="0.038" classname="com.course.cases.GetUserInfoListTest"/>
</testsuite> <!-- 用户管理系统测试用例 -->
