<?xml version="1.0" encoding="UTF-8" ?>
<testsuite tests="7" failures="0" name="TestSuite" time="10.947" errors="0" skipped="0">
  <properties>
[...]
</properties>
  <testcase classname="com.course.cases.LoginTest" name="LoginTrue" time="1.149"/>
  <testcase classname="com.course.cases.LoginTest" name="LoginFalse" time="0.041"/>
  <testcase classname="com.course.cases.AddUserTest" name="addUser" time="2.639"/>
  <testcase classname="com.course.cases.GetUserInfoTest" name="getUserInfo" time="2.074"/>
  <testcase classname="com.course.cases.UpdateUserInfoTest" name="updateUserInfo" time="2.091"/>
  <testcase classname="com.course.cases.UpdateUserInfoTest" name="deleteUser" time="2.033"/>
  <testcase classname="com.course.cases.GetUserInfoListTest" name="getUserListInfo" time="0.038"/>
</testsuite>